2024-04-03 16:12:07.287  INFO 16132 --- [main] c.nagarro.CliqAssignentApplicationTests  : Starting CliqAssignentApplicationTests using Java 17.0.10 on IN-PG03526Y with PID 16132 (started by abhishekkumar24 in C:\Users\abhishekkumar24\Documents\workspace-spring-tool-suite-4-4.18.0.RELEASE\CliqAssignent)
2024-04-03 16:12:07.326  INFO 16132 --- [main] c.nagarro.CliqAssignentApplicationTests  : No active profile set, falling back to 1 default profile: "default"
2024-04-03 16:12:10.274  INFO 16132 --- [main] .s.d.r.c.RepositoryConfigurationDelegate : Bootstrapping Spring Data JPA repositories in DEFAULT mode.
2024-04-03 16:12:10.687  INFO 16132 --- [main] .s.d.r.c.RepositoryConfigurationDelegate : Finished Spring Data repository scanning in 381 ms. Found 5 JPA repository interfaces.
2024-04-03 16:12:12.685  INFO 16132 --- [main] o.hibernate.jpa.internal.util.LogHelper  : HHH000204: Processing PersistenceUnitInfo [name: default]
2024-04-03 16:12:12.944  INFO 16132 --- [main] org.hibernate.Version                    : HHH000412: Hibernate ORM core version 5.6.15.Final
2024-04-03 16:12:13.580  INFO 16132 --- [main] o.hibernate.annotations.common.Version   : HCANN000001: Hibernate Commons Annotations {5.1.2.Final}
2024-04-03 16:12:14.494  INFO 16132 --- [main] com.zaxxer.hikari.HikariDataSource       : tatac - Starting...
2024-04-03 16:12:16.101  INFO 16132 --- [main] com.zaxxer.hikari.HikariDataSource       : tatac - Start completed.
2024-04-03 16:12:16.176  INFO 16132 --- [main] org.hibernate.dialect.Dialect            : HHH000400: Using dialect: org.hibernate.dialect.MySQL8Dialect
2024-04-03 16:12:19.528  INFO 16132 --- [main] o.h.e.t.j.p.i.JtaPlatformInitiator       : HHH000490: Using JtaPlatform implementation: [org.hibernate.engine.transaction.jta.platform.internal.NoJtaPlatform]
2024-04-03 16:12:19.558  INFO 16132 --- [main] j.LocalContainerEntityManagerFactoryBean : Initialized JPA EntityManagerFactory for persistence unit 'default'
2024-04-03 16:12:21.913  WARN 16132 --- [main] JpaBaseConfiguration$JpaWebConfiguration : spring.jpa.open-in-view is enabled by default. Therefore, database queries may be performed during view rendering. Explicitly configure spring.jpa.open-in-view to disable this warning
2024-04-03 16:12:23.606  INFO 16132 --- [main] c.nagarro.CliqAssignentApplicationTests  : Started CliqAssignentApplicationTests in 17.876 seconds (JVM running for 21.48)
2024-04-03 16:12:24.354  INFO 16132 --- [SpringApplicationShutdownHook] j.LocalContainerEntityManagerFactoryBean : Closing JPA EntityManagerFactory for persistence unit 'default'
2024-04-03 16:12:24.360  INFO 16132 --- [SpringApplicationShutdownHook] com.zaxxer.hikari.HikariDataSource       : tatac - Shutdown initiated...
2024-04-03 16:12:24.390  INFO 16132 --- [SpringApplicationShutdownHook] com.zaxxer.hikari.HikariDataSource       : tatac - Shutdown completed.
2024-04-03T16:32:52.928+05:30  INFO 12644 --- [main] c.nagarro.CliqAssignentApplicationTests  : Starting CliqAssignentApplicationTests using Java 17.0.10 with PID 12644 (started by abhishekkumar24 in C:\Users\abhishekkumar24\Documents\workspace-spring-tool-suite-4-4.18.0.RELEASE\CliqAssignent)
2024-04-03T16:32:52.937+05:30  INFO 12644 --- [main] c.nagarro.CliqAssignentApplicationTests  : No active profile set, falling back to 1 default profile: "default"
2024-04-03T16:32:55.893+05:30  INFO 12644 --- [main] .s.d.r.c.RepositoryConfigurationDelegate : Bootstrapping Spring Data JPA repositories in DEFAULT mode.
2024-04-03T16:32:56.354+05:30  INFO 12644 --- [main] .s.d.r.c.RepositoryConfigurationDelegate : Finished Spring Data repository scanning in 429 ms. Found 5 JPA repository interfaces.
2024-04-03T16:32:58.326+05:30  INFO 12644 --- [main] o.hibernate.jpa.internal.util.LogHelper  : HHH000204: Processing PersistenceUnitInfo [name: default]
2024-04-03T16:32:58.806+05:30  INFO 12644 --- [main] org.hibernate.Version                    : HHH000412: Hibernate ORM core version 6.4.1.Final
2024-04-03T16:32:58.973+05:30  INFO 12644 --- [main] o.h.c.internal.RegionFactoryInitiator    : HHH000026: Second-level cache disabled
2024-04-03T16:33:00.181+05:30  INFO 12644 --- [main] o.s.o.j.p.SpringPersistenceUnitInfo      : No LoadTimeWeaver setup: ignoring JPA class transformer
2024-04-03T16:33:00.263+05:30  INFO 12644 --- [main] com.zaxxer.hikari.HikariDataSource       : tatac - Starting...
2024-04-03T16:33:01.549+05:30  INFO 12644 --- [main] com.zaxxer.hikari.pool.HikariPool        : tatac - Added connection com.mysql.cj.jdbc.ConnectionImpl@56d822dc
2024-04-03T16:33:01.557+05:30  INFO 12644 --- [main] com.zaxxer.hikari.HikariDataSource       : tatac - Start completed.
2024-04-03T16:33:01.827+05:30  WARN 12644 --- [main] org.hibernate.orm.deprecation            : HHH90000025: MySQL8Dialect does not need to be specified explicitly using 'hibernate.dialect' (remove the property setting and it will be selected by default)
2024-04-03T16:33:01.838+05:30  WARN 12644 --- [main] org.hibernate.orm.deprecation            : HHH90000026: MySQL8Dialect has been deprecated; use org.hibernate.dialect.MySQLDialect instead
2024-04-03T16:33:05.207+05:30  INFO 12644 --- [main] o.h.e.t.j.p.i.JtaPlatformInitiator       : HHH000489: No JTA platform available (set 'hibernate.transaction.jta.platform' to enable JTA platform integration)
2024-04-03T16:33:05.549+05:30  INFO 12644 --- [main] j.LocalContainerEntityManagerFactoryBean : Initialized JPA EntityManagerFactory for persistence unit 'default'
2024-04-03T16:33:07.696+05:30  WARN 12644 --- [main] JpaBaseConfiguration$JpaWebConfiguration : spring.jpa.open-in-view is enabled by default. Therefore, database queries may be performed during view rendering. Explicitly configure spring.jpa.open-in-view to disable this warning
2024-04-03T16:33:09.596+05:30  INFO 12644 --- [main] c.nagarro.CliqAssignentApplicationTests  : Started CliqAssignentApplicationTests in 17.861 seconds (process running for 21.698)
2024-04-03T16:33:13.506+05:30  INFO 12644 --- [SpringApplicationShutdownHook] j.LocalContainerEntityManagerFactoryBean : Closing JPA EntityManagerFactory for persistence unit 'default'
2024-04-03T16:33:13.511+05:30  INFO 12644 --- [SpringApplicationShutdownHook] com.zaxxer.hikari.HikariDataSource       : tatac - Shutdown initiated...
2024-04-03T16:33:13.530+05:30  INFO 12644 --- [SpringApplicationShutdownHook] com.zaxxer.hikari.HikariDataSource       : tatac - Shutdown completed.
2024-04-03T16:39:12.964+05:30  INFO 24404 --- [main] c.nagarro.CliqAssignentApplicationTests  : Starting CliqAssignentApplicationTests using Java 17.0.10 with PID 24404 (started by abhishekkumar24 in C:\Users\abhishekkumar24\Documents\workspace-spring-tool-suite-4-4.18.0.RELEASE\CliqAssignent)
2024-04-03T16:39:12.972+05:30  INFO 24404 --- [main] c.nagarro.CliqAssignentApplicationTests  : No active profile set, falling back to 1 default profile: "default"
2024-04-03T16:39:15.150+05:30  INFO 24404 --- [main] .s.d.r.c.RepositoryConfigurationDelegate : Bootstrapping Spring Data JPA repositories in DEFAULT mode.
2024-04-03T16:39:15.427+05:30  INFO 24404 --- [main] .s.d.r.c.RepositoryConfigurationDelegate : Finished Spring Data repository scanning in 239 ms. Found 5 JPA repository interfaces.
2024-04-03T16:39:16.565+05:30  INFO 24404 --- [main] o.hibernate.jpa.internal.util.LogHelper  : HHH000204: Processing PersistenceUnitInfo [name: default]
2024-04-03T16:39:16.766+05:30  INFO 24404 --- [main] org.hibernate.Version                    : HHH000412: Hibernate ORM core version 6.4.1.Final
2024-04-03T16:39:16.880+05:30  INFO 24404 --- [main] o.h.c.internal.RegionFactoryInitiator    : HHH000026: Second-level cache disabled
2024-04-03T16:39:17.950+05:30  INFO 24404 --- [main] o.s.o.j.p.SpringPersistenceUnitInfo      : No LoadTimeWeaver setup: ignoring JPA class transformer
2024-04-03T16:39:18.038+05:30  INFO 24404 --- [main] com.zaxxer.hikari.HikariDataSource       : tatac - Starting...
2024-04-03T16:39:18.879+05:30  INFO 24404 --- [main] com.zaxxer.hikari.pool.HikariPool        : tatac - Added connection com.mysql.cj.jdbc.ConnectionImpl@7f6b57f2
2024-04-03T16:39:18.884+05:30  INFO 24404 --- [main] com.zaxxer.hikari.HikariDataSource       : tatac - Start completed.
2024-04-03T16:39:19.048+05:30  WARN 24404 --- [main] org.hibernate.orm.deprecation            : HHH90000025: MySQL8Dialect does not need to be specified explicitly using 'hibernate.dialect' (remove the property setting and it will be selected by default)
2024-04-03T16:39:19.052+05:30  WARN 24404 --- [main] org.hibernate.orm.deprecation            : HHH90000026: MySQL8Dialect has been deprecated; use org.hibernate.dialect.MySQLDialect instead
2024-04-03T16:39:21.502+05:30  INFO 24404 --- [main] o.h.e.t.j.p.i.JtaPlatformInitiator       : HHH000489: No JTA platform available (set 'hibernate.transaction.jta.platform' to enable JTA platform integration)
2024-04-03T16:39:21.767+05:30  INFO 24404 --- [main] j.LocalContainerEntityManagerFactoryBean : Initialized JPA EntityManagerFactory for persistence unit 'default'
2024-04-03T16:39:23.024+05:30  WARN 24404 --- [main] JpaBaseConfiguration$JpaWebConfiguration : spring.jpa.open-in-view is enabled by default. Therefore, database queries may be performed during view rendering. Explicitly configure spring.jpa.open-in-view to disable this warning
2024-04-03T16:39:24.013+05:30  INFO 24404 --- [main] c.nagarro.CliqAssignentApplicationTests  : Started CliqAssignentApplicationTests in 11.879 seconds (process running for 15.205)
2024-04-03T16:39:25.360+05:30  INFO 24404 --- [SpringApplicationShutdownHook] j.LocalContainerEntityManagerFactoryBean : Closing JPA EntityManagerFactory for persistence unit 'default'
2024-04-03T16:39:25.363+05:30  INFO 24404 --- [SpringApplicationShutdownHook] com.zaxxer.hikari.HikariDataSource       : tatac - Shutdown initiated...
2024-04-03T16:39:25.380+05:30  INFO 24404 --- [SpringApplicationShutdownHook] com.zaxxer.hikari.HikariDataSource       : tatac - Shutdown completed.
2024-04-03T16:56:06.179+05:30  INFO 9532 --- [main] c.nagarro.CliqAssignentApplicationTests  : Starting CliqAssignentApplicationTests using Java 17.0.10 with PID 9532 (started by abhishekkumar24 in C:\Users\abhishekkumar24\Documents\workspace-spring-tool-suite-4-4.18.0.RELEASE\CliqAssignent)
2024-04-03T16:56:06.184+05:30  INFO 9532 --- [main] c.nagarro.CliqAssignentApplicationTests  : No active profile set, falling back to 1 default profile: "default"
2024-04-03T16:56:08.727+05:30  INFO 9532 --- [main] .s.d.r.c.RepositoryConfigurationDelegate : Bootstrapping Spring Data JPA repositories in DEFAULT mode.
2024-04-03T16:56:09.092+05:30  INFO 9532 --- [main] .s.d.r.c.RepositoryConfigurationDelegate : Finished Spring Data repository scanning in 332 ms. Found 5 JPA repository interfaces.
2024-04-03T16:56:10.665+05:30  INFO 9532 --- [main] o.hibernate.jpa.internal.util.LogHelper  : HHH000204: Processing PersistenceUnitInfo [name: default]
2024-04-03T16:56:10.995+05:30  INFO 9532 --- [main] org.hibernate.Version                    : HHH000412: Hibernate ORM core version 6.4.1.Final
2024-04-03T16:56:11.114+05:30  INFO 9532 --- [main] o.h.c.internal.RegionFactoryInitiator    : HHH000026: Second-level cache disabled
2024-04-03T16:56:12.102+05:30  INFO 9532 --- [main] o.s.o.j.p.SpringPersistenceUnitInfo      : No LoadTimeWeaver setup: ignoring JPA class transformer
2024-04-03T16:56:12.196+05:30  INFO 9532 --- [main] com.zaxxer.hikari.HikariDataSource       : tatac - Starting...
2024-04-03T16:56:13.181+05:30  INFO 9532 --- [main] com.zaxxer.hikari.pool.HikariPool        : tatac - Added connection com.mysql.cj.jdbc.ConnectionImpl@56d822dc
2024-04-03T16:56:13.188+05:30  INFO 9532 --- [main] com.zaxxer.hikari.HikariDataSource       : tatac - Start completed.
2024-04-03T16:56:13.310+05:30  WARN 9532 --- [main] org.hibernate.orm.deprecation            : HHH90000025: MySQL8Dialect does not need to be specified explicitly using 'hibernate.dialect' (remove the property setting and it will be selected by default)
2024-04-03T16:56:13.314+05:30  WARN 9532 --- [main] org.hibernate.orm.deprecation            : HHH90000026: MySQL8Dialect has been deprecated; use org.hibernate.dialect.MySQLDialect instead
2024-04-03T16:56:16.029+05:30  INFO 9532 --- [main] o.h.e.t.j.p.i.JtaPlatformInitiator       : HHH000489: No JTA platform available (set 'hibernate.transaction.jta.platform' to enable JTA platform integration)
2024-04-03T16:56:16.297+05:30  INFO 9532 --- [main] j.LocalContainerEntityManagerFactoryBean : Initialized JPA EntityManagerFactory for persistence unit 'default'
2024-04-03T16:56:18.549+05:30  WARN 9532 --- [main] JpaBaseConfiguration$JpaWebConfiguration : spring.jpa.open-in-view is enabled by default. Therefore, database queries may be performed during view rendering. Explicitly configure spring.jpa.open-in-view to disable this warning
2024-04-03T16:56:20.022+05:30  INFO 9532 --- [main] c.nagarro.CliqAssignentApplicationTests  : Started CliqAssignentApplicationTests in 14.805 seconds (process running for 17.72)
2024-04-03T16:56:21.843+05:30  INFO 9532 --- [SpringApplicationShutdownHook] j.LocalContainerEntityManagerFactoryBean : Closing JPA EntityManagerFactory for persistence unit 'default'
2024-04-03T16:56:21.849+05:30  INFO 9532 --- [SpringApplicationShutdownHook] com.zaxxer.hikari.HikariDataSource       : tatac - Shutdown initiated...
2024-04-03T16:56:21.877+05:30  INFO 9532 --- [SpringApplicationShutdownHook] com.zaxxer.hikari.HikariDataSource       : tatac - Shutdown completed.
